<?xml version="1.0" encoding="UTF-8"?>
<!-- Generated by org.testng.reporters.JUnitXMLReporter -->
<testsuite ignored="0" hostname="LAPTOP-82AKULF2" failures="1" tests="2" name="Test" time="11.302" errors="0" timestamp="2023-02-23T13:13:01 GST">
  <testcase classname="mytest.Program1" name="verifyIMDB" time="0.14"/>
  <testcase classname="mytest.Program1" name="verifyWikipedia" time="0.518">
    <failure type="java.lang.AssertionError" message="expected [17 December 2021] but found [17 December 2021]">
      <![CDATA[java.lang.AssertionError: expected [17 December 2021] but found [17 December 2021]
at mytest.Program1.verifyWikipedia(Program1.java:53)
at java.base/java.util.ArrayList.forEach(ArrayList.java:1511)
... Removed 33 stack frames]]>
    </failure>
  </testcase> <!-- verifyWikipedia -->
</testsuite> <!-- Test -->
